
// ==========================================================================
//  GPLEX error listing for lex source file <scanner.lex>
// ==========================================================================
//  Version:  1.2.2
//  Machine:  SAM
//  DateTime: 12/03/2017 6:05:57 PM
//  UserName: samarth
// ==========================================================================


%namespace GPLexTutorial

digit [0-9]
letter [a-zA-Z]
inputcharacter [^\r\n]
forwardslash [/]
hexdigit [0-9a-fA-F]
endlcomment {forwardslash}{forwardslash}
lineterm \r|\n|\r\n
space [ ]
%%

if                           { return (int)Tokens.IF; }
else                         { return (int)Tokens.ELSE; }
int                          { return (int)Tokens.INT; }
bool                         { return (int)Tokens.BOOL; }

{letter}({letter}|{digit})* { yylval.name = yytext; return (int)Tokens.IDENT; }
{digit}+	    { yylval.num = int.Parse(yytext); return (int)Tokens.NUMBER; }

{endlcomment}({inputcharacter}|{space}+)*{lineterm} {return (int)Tokens.EndOfLineComment; }
{lineterm}  {return (int)Tokens.LineTermination;}
{space}+ {return (int)Tokens.WhiteSpace;} 
{0x}|{0X}{hexdigit}* {return (int)Tokens.HexNumeral}
//^^^^^^^^^^^^^^^^^^^^^^^^^^^^^^^^^^^^^^^^^^^^^^^^^^
// Error: Invalid production rule
// Error: Invalid production rule
// Error: Parser error <Syntax error, unexpected {> 
// Error: Expected end-of-line here
// -------------------------------------------------

"="                          { return '='; }
"+"                          { return '+'; }
"<"                          { return '<'; }
"("                          { return '('; }
")"                          { return ')'; }
"{"                          { return '{'; }
"}"                          { return '}'; }
";"                          { return ';'; }

//[ \r\n\t]                    /* skip whitespace */

.                            { 
                                 throw new Exception(
                                     String.Format(
                                         "unexpected character '{0}'", yytext)); 
                             }

%%
// ==========================================================================

